 ____  _____    _    ____ 
|  _ \| ____|  / \  |  _ \
| |_) |  _|   / _ \ | |_) |
|  __/| |___ / ___ \|  _ <
|_|   |_____/_/   \_\_| \_\

PEAR v0.9.6 [January 15, 2015]

Citation - PEAR: a fast and accurate Illumina Paired-End reAd mergeR
Zhang et al (2014) Bioinformatics 30(5): 614-620 | doi:10.1093/bioinformatics/btt593

Forward reads file.................: reads/1-limited.1.fastq.gz
Reverse reads file.................: reads/1-limited.2.fastq.gz
PHRED..............................: 33
Using empirical frequencies........: YES
Statistical method.................: OES
Maximum assembly length............: 999999
Minimum assembly length............: 50
p-value............................: 0.010000
Quality score threshold (trimming).: 0
Minimum read size after trimming...: 1
Maximal ratio of uncalled bases....: 1.000000
Minimum overlap....................: 10
Scoring method.....................: Scaled score
Threads............................: 4

Allocating memory..................: 200,000,000 bytes
Computing empirical frequencies....: DONE
  A: 0.225070
  C: 0.276922
  G: 0.277974
  T: 0.220035
  5710918 uncalled bases
Assemblying reads: 0%Assemblying reads: 22%Assemblying reads: 44%Assemblying reads: 66%Assemblying reads: 88%Assemblying reads: 100%

Assembled reads ...................: 272,344 / 285,306 (95.457%)
Discarded reads ...................: 0 / 285,306 (0.000%)
Not assembled reads ...............: 12,962 / 285,306 (4.543%)
Assembled reads file...............: /tmp/tmpv335wwbl/merged.assembled.fastq
Discarded reads file...............: /tmp/tmpv335wwbl/merged.discarded.fastq
Unassembled forward reads file.....: /tmp/tmpv335wwbl/merged.unassembled.forward.fastq
Unassembled reverse reads file.....: /tmp/tmpv335wwbl/merged.unassembled.reverse.fastq
